app/build/intermediates/manifest_merge_blame_file/debug/manifest-merger-blame-debug-report.txt
1<?xml version="1.0" encoding="utf-8"?>
2<manifest xmlns:android="http://schemas.android.com/apk/res/android"
3    package="com.android.wordhunt"
4    android:versionCode="1"
5    android:versionName="1.0" >
6
7    <uses-sdk
8        android:minSdkVersion="24"
9        android:targetSdkVersion="34" />
10
11    <uses-permission android:name="android.permission.ACCESS_NETWORK_STATE" />
11-->[com.google.firebase:firebase-inappmessaging:20.4.0] AndroidManifest.xml:7:5-79
11-->[com.google.firebase:firebase-inappmessaging:20.4.0] AndroidManifest.xml:7:22-76
12    <uses-permission android:name="android.permission.INTERNET" />
12-->[com.google.firebase:firebase-inappmessaging:20.4.0] AndroidManifest.xml:8:5-67
12-->[com.google.firebase:firebase-inappmessaging:20.4.0] AndroidManifest.xml:8:22-64
13
14    <permission
14-->[androidx.core:core:1.9.0] AndroidManifest.xml:22:5-24:47
15        android:name="com.android.wordhunt.DYNAMIC_RECEIVER_NOT_EXPORTED_PERMISSION"
15-->[androidx.core:core:1.9.0] AndroidManifest.xml:23:9-81
16        android:protectionLevel="signature" />
16-->[androidx.core:core:1.9.0] AndroidManifest.xml:24:9-44
17
18    <uses-permission android:name="com.android.wordhunt.DYNAMIC_RECEIVER_NOT_EXPORTED_PERMISSION" />
18-->[androidx.core:core:1.9.0] AndroidManifest.xml:26:5-97
18-->[androidx.core:core:1.9.0] AndroidManifest.xml:26:22-94
19
20    <application
20-->src\main\AndroidManifest.xml:5:5-26:19
21        android:allowBackup="true"
21-->src\main\AndroidManifest.xml:6:9-35
22        android:appComponentFactory="androidx.core.app.CoreComponentFactory"
22-->[androidx.core:core:1.9.0] AndroidManifest.xml:28:18-86
23        android:dataExtractionRules="@xml/data_extraction_rules"
23-->src\main\AndroidManifest.xml:7:9-65
24        android:debuggable="true"
25        android:extractNativeLibs="false"
26        android:fullBackupContent="@xml/backup_rules"
26-->src\main\AndroidManifest.xml:8:9-54
27        android:icon="@mipmap/ic_launcher"
27-->src\main\AndroidManifest.xml:9:9-43
28        android:label="@string/app_name"
28-->src\main\AndroidManifest.xml:10:9-41
29        android:roundIcon="@mipmap/ic_launcher_round"
29-->src\main\AndroidManifest.xml:11:9-54
30        android:supportsRtl="true"
30-->src\main\AndroidManifest.xml:12:9-35
31        android:testOnly="true"
32        android:theme="@style/Theme.AppCompat" >
32-->src\main\AndroidManifest.xml:13:9-47
33        <activity
33-->src\main\AndroidManifest.xml:15:9-25:20
34            android:name="com.android.wordhunt.MainActivity"
34-->src\main\AndroidManifest.xml:16:13-41
35            android:exported="true"
35-->src\main\AndroidManifest.xml:17:13-36
36            android:label="@string/app_name"
36-->src\main\AndroidManifest.xml:18:13-45
37            android:theme="@style/Theme.AppCompat" >
37-->src\main\AndroidManifest.xml:19:13-51
38            <intent-filter>
38-->src\main\AndroidManifest.xml:20:13-24:29
39                <action android:name="android.intent.action.MAIN" />
39-->src\main\AndroidManifest.xml:21:17-69
39-->src\main\AndroidManifest.xml:21:25-66
40
41                <category android:name="android.intent.category.LAUNCHER" />
41-->src\main\AndroidManifest.xml:23:17-77
41-->src\main\AndroidManifest.xml:23:27-74
42            </intent-filter>
43        </activity>
44
45        <service
45-->[com.google.firebase:firebase-inappmessaging-ktx:20.4.0] AndroidManifest.xml:9:9-15:19
46            android:name="com.google.firebase.components.ComponentDiscoveryService"
46-->[com.google.firebase:firebase-inappmessaging-ktx:20.4.0] AndroidManifest.xml:10:13-84
47            android:directBootAware="true"
47-->[com.google.firebase:firebase-common:20.4.2] AndroidManifest.xml:32:13-43
48            android:exported="false" >
48-->[com.google.firebase:firebase-inappmessaging-ktx:20.4.0] AndroidManifest.xml:11:13-37
49            <meta-data
49-->[com.google.firebase:firebase-inappmessaging-ktx:20.4.0] AndroidManifest.xml:12:13-14:85
50                android:name="com.google.firebase.components:com.google.firebase.inappmessaging.ktx.FirebaseInappmessagingLegacyRegistrar"
50-->[com.google.firebase:firebase-inappmessaging-ktx:20.4.0] AndroidManifest.xml:13:17-139
51                android:value="com.google.firebase.components.ComponentRegistrar" />
51-->[com.google.firebase:firebase-inappmessaging-ktx:20.4.0] AndroidManifest.xml:14:17-82
52            <meta-data
52-->[com.google.firebase:firebase-inappmessaging:20.4.0] AndroidManifest.xml:14:13-16:85
53                android:name="com.google.firebase.components:com.google.firebase.inappmessaging.FirebaseInAppMessagingKtxRegistrar"
53-->[com.google.firebase:firebase-inappmessaging:20.4.0] AndroidManifest.xml:15:17-132
54                android:value="com.google.firebase.components.ComponentRegistrar" />
54-->[com.google.firebase:firebase-inappmessaging:20.4.0] AndroidManifest.xml:16:17-82
55            <meta-data
55-->[com.google.firebase:firebase-inappmessaging:20.4.0] AndroidManifest.xml:17:13-19:85
56                android:name="com.google.firebase.components:com.google.firebase.inappmessaging.FirebaseInAppMessagingRegistrar"
56-->[com.google.firebase:firebase-inappmessaging:20.4.0] AndroidManifest.xml:18:17-129
57                android:value="com.google.firebase.components.ComponentRegistrar" />
57-->[com.google.firebase:firebase-inappmessaging:20.4.0] AndroidManifest.xml:19:17-82
58            <meta-data
58-->[com.google.firebase:firebase-installations:17.2.0] AndroidManifest.xml:15:13-17:85
59                android:name="com.google.firebase.components:com.google.firebase.installations.FirebaseInstallationsKtxRegistrar"
59-->[com.google.firebase:firebase-installations:17.2.0] AndroidManifest.xml:16:17-130
60                android:value="com.google.firebase.components.ComponentRegistrar" />
60-->[com.google.firebase:firebase-installations:17.2.0] AndroidManifest.xml:17:17-82
61            <meta-data
61-->[com.google.firebase:firebase-installations:17.2.0] AndroidManifest.xml:18:13-20:85
62                android:name="com.google.firebase.components:com.google.firebase.installations.FirebaseInstallationsRegistrar"
62-->[com.google.firebase:firebase-installations:17.2.0] AndroidManifest.xml:19:17-127
63                android:value="com.google.firebase.components.ComponentRegistrar" />
63-->[com.google.firebase:firebase-installations:17.2.0] AndroidManifest.xml:20:17-82
64            <meta-data
64-->[com.google.firebase:firebase-common-ktx:20.4.2] AndroidManifest.xml:12:13-14:85
65                android:name="com.google.firebase.components:com.google.firebase.ktx.FirebaseCommonLegacyRegistrar"
65-->[com.google.firebase:firebase-common-ktx:20.4.2] AndroidManifest.xml:13:17-116
66                android:value="com.google.firebase.components.ComponentRegistrar" />
66-->[com.google.firebase:firebase-common-ktx:20.4.2] AndroidManifest.xml:14:17-82
67            <meta-data
67-->[com.google.firebase:firebase-common:20.4.2] AndroidManifest.xml:35:13-37:85
68                android:name="com.google.firebase.components:com.google.firebase.FirebaseCommonKtxRegistrar"
68-->[com.google.firebase:firebase-common:20.4.2] AndroidManifest.xml:36:17-109
69                android:value="com.google.firebase.components.ComponentRegistrar" />
69-->[com.google.firebase:firebase-common:20.4.2] AndroidManifest.xml:37:17-82
70            <meta-data
70-->[com.google.firebase:firebase-abt:21.1.1] AndroidManifest.xml:12:13-14:85
71                android:name="com.google.firebase.components:com.google.firebase.abt.component.AbtRegistrar"
71-->[com.google.firebase:firebase-abt:21.1.1] AndroidManifest.xml:13:17-109
72                android:value="com.google.firebase.components.ComponentRegistrar" />
72-->[com.google.firebase:firebase-abt:21.1.1] AndroidManifest.xml:14:17-82
73            <meta-data
73-->[com.google.firebase:firebase-datatransport:18.2.0] AndroidManifest.xml:25:13-27:85
74                android:name="com.google.firebase.components:com.google.firebase.datatransport.TransportRegistrar"
74-->[com.google.firebase:firebase-datatransport:18.2.0] AndroidManifest.xml:26:17-115
75                android:value="com.google.firebase.components.ComponentRegistrar" />
75-->[com.google.firebase:firebase-datatransport:18.2.0] AndroidManifest.xml:27:17-82
76        </service>
77
78        <activity
78-->[androidx.compose.ui:ui-test-manifest:1.4.0] AndroidManifest.xml:23:9-25:39
79            android:name="androidx.activity.ComponentActivity"
79-->[androidx.compose.ui:ui-test-manifest:1.4.0] AndroidManifest.xml:24:13-63
80            android:exported="true" />
80-->[androidx.compose.ui:ui-test-manifest:1.4.0] AndroidManifest.xml:25:13-36
81        <activity
81-->[androidx.compose.ui:ui-tooling:1.4.0] AndroidManifest.xml:23:9-25:39
82            android:name="androidx.compose.ui.tooling.PreviewActivity"
82-->[androidx.compose.ui:ui-tooling:1.4.0] AndroidManifest.xml:24:13-71
83            android:exported="true" />
83-->[androidx.compose.ui:ui-tooling:1.4.0] AndroidManifest.xml:25:13-36
84
85        <provider
85-->[com.google.firebase:firebase-common:20.4.2] AndroidManifest.xml:23:9-28:39
86            android:name="com.google.firebase.provider.FirebaseInitProvider"
86-->[com.google.firebase:firebase-common:20.4.2] AndroidManifest.xml:24:13-77
87            android:authorities="com.android.wordhunt.firebaseinitprovider"
87-->[com.google.firebase:firebase-common:20.4.2] AndroidManifest.xml:25:13-72
88            android:directBootAware="true"
88-->[com.google.firebase:firebase-common:20.4.2] AndroidManifest.xml:26:13-43
89            android:exported="false"
89-->[com.google.firebase:firebase-common:20.4.2] AndroidManifest.xml:27:13-37
90            android:initOrder="100" />
90-->[com.google.firebase:firebase-common:20.4.2] AndroidManifest.xml:28:13-36
91
92        <meta-data
92-->[com.google.android.gms:play-services-basement:18.1.0] AndroidManifest.xml:21:9-23:69
93            android:name="com.google.android.gms.version"
93-->[com.google.android.gms:play-services-basement:18.1.0] AndroidManifest.xml:22:13-58
94            android:value="@integer/google_play_services_version" />
94-->[com.google.android.gms:play-services-basement:18.1.0] AndroidManifest.xml:23:13-66
95
96        <provider
96-->[androidx.emoji2:emoji2:1.3.0] AndroidManifest.xml:24:9-32:20
97            android:name="androidx.startup.InitializationProvider"
97-->[androidx.emoji2:emoji2:1.3.0] AndroidManifest.xml:25:13-67
98            android:authorities="com.android.wordhunt.androidx-startup"
98-->[androidx.emoji2:emoji2:1.3.0] AndroidManifest.xml:26:13-68
99            android:exported="false" >
99-->[androidx.emoji2:emoji2:1.3.0] AndroidManifest.xml:27:13-37
100            <meta-data
100-->[androidx.emoji2:emoji2:1.3.0] AndroidManifest.xml:29:13-31:52
101                android:name="androidx.emoji2.text.EmojiCompatInitializer"
101-->[androidx.emoji2:emoji2:1.3.0] AndroidManifest.xml:30:17-75
102                android:value="androidx.startup" />
102-->[androidx.emoji2:emoji2:1.3.0] AndroidManifest.xml:31:17-49
103            <meta-data
103-->[androidx.lifecycle:lifecycle-process:2.6.2] AndroidManifest.xml:29:13-31:52
104                android:name="androidx.lifecycle.ProcessLifecycleInitializer"
104-->[androidx.lifecycle:lifecycle-process:2.6.2] AndroidManifest.xml:30:17-78
105                android:value="androidx.startup" />
105-->[androidx.lifecycle:lifecycle-process:2.6.2] AndroidManifest.xml:31:17-49
106            <meta-data
106-->[androidx.profileinstaller:profileinstaller:1.3.0] AndroidManifest.xml:29:13-31:52
107                android:name="androidx.profileinstaller.ProfileInstallerInitializer"
107-->[androidx.profileinstaller:profileinstaller:1.3.0] AndroidManifest.xml:30:17-85
108                android:value="androidx.startup" />
108-->[androidx.profileinstaller:profileinstaller:1.3.0] AndroidManifest.xml:31:17-49
109        </provider>
110
111        <uses-library
111-->[androidx.window:window:1.0.0] AndroidManifest.xml:25:9-27:40
112            android:name="androidx.window.extensions"
112-->[androidx.window:window:1.0.0] AndroidManifest.xml:26:13-54
113            android:required="false" />
113-->[androidx.window:window:1.0.0] AndroidManifest.xml:27:13-37
114        <uses-library
114-->[androidx.window:window:1.0.0] AndroidManifest.xml:28:9-30:40
115            android:name="androidx.window.sidecar"
115-->[androidx.window:window:1.0.0] AndroidManifest.xml:29:13-51
116            android:required="false" />
116-->[androidx.window:window:1.0.0] AndroidManifest.xml:30:13-37
117
118        <receiver
118-->[androidx.profileinstaller:profileinstaller:1.3.0] AndroidManifest.xml:34:9-52:20
119            android:name="androidx.profileinstaller.ProfileInstallReceiver"
119-->[androidx.profileinstaller:profileinstaller:1.3.0] AndroidManifest.xml:35:13-76
120            android:directBootAware="false"
120-->[androidx.profileinstaller:profileinstaller:1.3.0] AndroidManifest.xml:36:13-44
121            android:enabled="true"
121-->[androidx.profileinstaller:profileinstaller:1.3.0] AndroidManifest.xml:37:13-35
122            android:exported="true"
122-->[androidx.profileinstaller:profileinstaller:1.3.0] AndroidManifest.xml:38:13-36
123            android:permission="android.permission.DUMP" >
123-->[androidx.profileinstaller:profileinstaller:1.3.0] AndroidManifest.xml:39:13-57
124            <intent-filter>
124-->[androidx.profileinstaller:profileinstaller:1.3.0] AndroidManifest.xml:40:13-42:29
125                <action android:name="androidx.profileinstaller.action.INSTALL_PROFILE" />
125-->[androidx.profileinstaller:profileinstaller:1.3.0] AndroidManifest.xml:41:17-91
125-->[androidx.profileinstaller:profileinstaller:1.3.0] AndroidManifest.xml:41:25-88
126            </intent-filter>
127            <intent-filter>
127-->[androidx.profileinstaller:profileinstaller:1.3.0] AndroidManifest.xml:43:13-45:29
128                <action android:name="androidx.profileinstaller.action.SKIP_FILE" />
128-->[androidx.profileinstaller:profileinstaller:1.3.0] AndroidManifest.xml:44:17-85
128-->[androidx.profileinstaller:profileinstaller:1.3.0] AndroidManifest.xml:44:25-82
129            </intent-filter>
130            <intent-filter>
130-->[androidx.profileinstaller:profileinstaller:1.3.0] AndroidManifest.xml:46:13-48:29
131                <action android:name="androidx.profileinstaller.action.SAVE_PROFILE" />
131-->[androidx.profileinstaller:profileinstaller:1.3.0] AndroidManifest.xml:47:17-88
131-->[androidx.profileinstaller:profileinstaller:1.3.0] AndroidManifest.xml:47:25-85
132            </intent-filter>
133            <intent-filter>
133-->[androidx.profileinstaller:profileinstaller:1.3.0] AndroidManifest.xml:49:13-51:29
134                <action android:name="androidx.profileinstaller.action.BENCHMARK_OPERATION" />
134-->[androidx.profileinstaller:profileinstaller:1.3.0] AndroidManifest.xml:50:17-95
134-->[androidx.profileinstaller:profileinstaller:1.3.0] AndroidManifest.xml:50:25-92
135            </intent-filter>
136        </receiver>
137
138        <service
138-->[com.google.android.datatransport:transport-backend-cct:3.1.9] AndroidManifest.xml:28:9-34:19
139            android:name="com.google.android.datatransport.runtime.backends.TransportBackendDiscovery"
139-->[com.google.android.datatransport:transport-backend-cct:3.1.9] AndroidManifest.xml:29:13-103
140            android:exported="false" >
140-->[com.google.android.datatransport:transport-backend-cct:3.1.9] AndroidManifest.xml:30:13-37
141            <meta-data
141-->[com.google.android.datatransport:transport-backend-cct:3.1.9] AndroidManifest.xml:31:13-33:39
142                android:name="backend:com.google.android.datatransport.cct.CctBackendFactory"
142-->[com.google.android.datatransport:transport-backend-cct:3.1.9] AndroidManifest.xml:32:17-94
143                android:value="cct" />
143-->[com.google.android.datatransport:transport-backend-cct:3.1.9] AndroidManifest.xml:33:17-36
144        </service>
145        <service
145-->[com.google.android.datatransport:transport-runtime:3.1.9] AndroidManifest.xml:26:9-30:19
146            android:name="com.google.android.datatransport.runtime.scheduling.jobscheduling.JobInfoSchedulerService"
146-->[com.google.android.datatransport:transport-runtime:3.1.9] AndroidManifest.xml:27:13-117
147            android:exported="false"
147-->[com.google.android.datatransport:transport-runtime:3.1.9] AndroidManifest.xml:28:13-37
148            android:permission="android.permission.BIND_JOB_SERVICE" >
148-->[com.google.android.datatransport:transport-runtime:3.1.9] AndroidManifest.xml:29:13-69
149        </service>
150
151        <receiver
151-->[com.google.android.datatransport:transport-runtime:3.1.9] AndroidManifest.xml:32:9-34:40
152            android:name="com.google.android.datatransport.runtime.scheduling.jobscheduling.AlarmManagerSchedulerBroadcastReceiver"
152-->[com.google.android.datatransport:transport-runtime:3.1.9] AndroidManifest.xml:33:13-132
153            android:exported="false" />
153-->[com.google.android.datatransport:transport-runtime:3.1.9] AndroidManifest.xml:34:13-37
154    </application>
155
156</manifest>